\BOOKMARK [0][]{chapter.1}{\376\377\0001\000\040\000I\000n\000t\000r\000o\000d\000u\000c\000t\000i\000o\000n}{}% 1
\BOOKMARK [1][]{section.1.1}{\376\377\0001\000.\0001\000\040\000B\000a\000s\000i\000c\000\040\000c\000o\000n\000c\000e\000p\000t\000\040\000a\000n\000d\000\040\000s\000i\000g\000n\000i\000f\000i\000c\000a\000n\000c\000e\000\040\000o\000f\000\040\000A\000A\000R}{chapter.1}% 2
\BOOKMARK [2][]{subsection.1.1.1}{\376\377\0001\000.\0001\000.\0001\000\040\000C\000l\000a\000s\000s\000i\000f\000i\000c\000a\000t\000i\000o\000n}{section.1.1}% 3
\BOOKMARK [2][]{subsection.1.1.2}{\376\377\0001\000.\0001\000.\0002\000\040\000A\000e\000r\000i\000a\000l\000\040\000r\000e\000f\000u\000e\000l\000i\000n\000g\000\040\000p\000h\000a\000s\000e}{section.1.1}% 4
\BOOKMARK [2][]{subsection.1.1.3}{\376\377\0001\000.\0001\000.\0003\000\040\000A\000A\000R}{section.1.1}% 5
\BOOKMARK [2][]{subsection.1.1.4}{\376\377\0001\000.\0001\000.\0004\000\040\000T\000h\000e\000\040\000s\000i\000g\000n\000i\000f\000i\000c\000a\000n\000c\000e\000\040\000o\000f\000\040\000A\000A\000R}{section.1.1}% 6
\BOOKMARK [2][]{subsection.1.1.5}{\376\377\0001\000.\0001\000.\0005\000\040\000T\000h\000e\000\040\000s\000i\000g\000n\000i\000f\000i\000c\000a\000n\000c\000e\000\040\000o\000f\000\040\000d\000o\000c\000k\000i\000n\000g\000\040\000p\000h\000a\000s\000e\000\040\000o\000f\000\040\000p\000r\000o\000b\000e\000-\000a\000n\000d\000-\000d\000r\000o\000g\000u\000e\000\040\000A\000A\000R\000\040}{section.1.1}% 7
\BOOKMARK [1][]{section.1.2}{\376\377\0001\000.\0002\000\040\000C\000h\000a\000r\000a\000c\000t\000e\000r\000i\000s\000t\000i\000c\000s\000\040\000a\000n\000d\000\040\000p\000r\000o\000b\000l\000e\000m\000s\000\040\000o\000f\000\040\000t\000h\000e\000\040\000d\000o\000c\000k\000i\000n\000g\000\040\000c\000o\000n\000t\000r\000o\000l\000\040\000o\000f\000\040\000p\000r\000o\000b\000e\000-\000a\000n\000d\000-\000d\000r\000o\000g\000u\000e\000\040\000A\000A\000R\000\040}{chapter.1}% 8
\BOOKMARK [2][]{subsection.1.2.1}{\376\377\0001\000.\0002\000.\0001\000\040\000C\000h\000a\000r\000a\000c\000t\000e\000r\000i\000s\000t\000i\000c\000\040\000a\000n\000a\000l\000y\000s\000i\000s\000\040\000o\000f\000\040\000p\000r\000o\000b\000e\000-\000a\000n\000d\000-\000d\000r\000o\000g\000u\000e\000\040\000A\000A\000R\000\040}{section.1.2}% 9
\BOOKMARK [2][]{subsection.1.2.2}{\376\377\0001\000.\0002\000.\0002\000\040\000R\000e\000q\000u\000i\000r\000e\000m\000e\000n\000t\000s\000\040\000i\000n\000\040\000t\000h\000e\000\040\000d\000o\000c\000k\000i\000n\000g\000\040\000p\000r\000o\000c\000e\000s\000s\000\040}{section.1.2}% 10
\BOOKMARK [1][]{section.1.3}{\376\377\0001\000.\0003\000\040\000P\000r\000o\000g\000r\000e\000s\000s\000\040\000i\000n\000\040\000M\000o\000d\000e\000l\000i\000n\000g\000\040\000o\000f\000\040\000P\000D\000R}{chapter.1}% 11
\BOOKMARK [2][]{subsection.1.3.1}{\376\377\0001\000.\0003\000.\0001\000\040\000A\000i\000r\000c\000r\000a\000f\000t\000\040\000m\000o\000d\000e\000l\000i\000n\000g}{section.1.3}% 12
\BOOKMARK [2][]{subsection.1.3.2}{\376\377\0001\000.\0003\000.\0002\000\040\000R\000e\000f\000u\000e\000l\000i\000n\000g\000\040\000a\000p\000p\000a\000r\000a\000t\000u\000s\000\040\000m\000o\000d\000e\000l\000i\000n\000g}{section.1.3}% 13
\BOOKMARK [2][]{subsection.1.3.3}{\376\377\0001\000.\0003\000.\0003\000\040\000W\000i\000n\000d\000\040\000d\000i\000s\000t\000u\000r\000b\000a\000n\000c\000e\000\040\000m\000o\000d\000e\000l\000i\000n\000g}{section.1.3}% 14
\BOOKMARK [2][]{subsection.1.3.4}{\376\377\0001\000.\0003\000.\0004\000\040\000M\000o\000d\000e\000l\000i\000n\000g\000\040\000a\000n\000d\000\040\000v\000a\000l\000i\000d\000a\000t\000i\000o\000n\000\040\000m\000e\000t\000h\000o\000d\000s}{section.1.3}% 15
\BOOKMARK [1][]{section.1.4}{\376\377\0001\000.\0004\000\040\000P\000r\000o\000g\000r\000e\000s\000s\000\040\000i\000n\000\040\000C\000o\000n\000t\000r\000o\000l\000\040\000o\000f\000\040\000P\000D\000R}{chapter.1}% 16
\BOOKMARK [2][]{subsection.1.4.1}{\376\377\0001\000.\0004\000.\0001\000\040\000C\000o\000m\000m\000a\000n\000d\000\040\000g\000e\000n\000e\000r\000a\000t\000o\000r}{section.1.4}% 17
\BOOKMARK [2][]{subsection.1.4.2}{\376\377\0001\000.\0004\000.\0002\000\040\000T\000r\000a\000c\000k\000i\000n\000g\000\040\000c\000o\000n\000t\000r\000o\000l}{section.1.4}% 18
\BOOKMARK [2][]{subsection.1.4.3}{\376\377\0001\000.\0004\000.\0003\000\040\000S\000t\000a\000b\000i\000l\000i\000z\000i\000n\000g\000\040\000C\000o\000n\000t\000r\000o\000l}{section.1.4}% 19
\BOOKMARK [2][]{subsection.1.4.4}{\376\377\0001\000.\0004\000.\0004\000\040\000S\000t\000a\000t\000i\000o\000n\000-\000k\000e\000e\000p\000i\000n\000g\000\040\000c\000o\000n\000t\000r\000o\000l}{section.1.4}% 20
\BOOKMARK [2][]{subsection.1.4.5}{\376\377\0001\000.\0004\000.\0005\000\040\000A\000n\000t\000i\000-\000H\000W\000P\000\040\000c\000o\000n\000t\000r\000o\000l}{section.1.4}% 21
\BOOKMARK [2][]{subsection.1.4.6}{\376\377\0001\000.\0004\000.\0006\000\040\000D\000r\000o\000g\000u\000e\000\040\000s\000t\000a\000b\000i\000l\000i\000z\000a\000t\000i\000o\000n\000\040\000a\000n\000d\000\040\000c\000o\000n\000t\000r\000o\000l}{section.1.4}% 22
\BOOKMARK [1][]{section.1.5}{\376\377\0001\000.\0005\000\040\000P\000r\000o\000g\000r\000e\000s\000s\000\040\000i\000n\000\040\000S\000a\000f\000e\000t\000y\000\040\000o\000f\000\040\000P\000D\000R}{chapter.1}% 23
\BOOKMARK [2][]{subsection.1.5.1}{\376\377\0001\000.\0005\000.\0001\000\040\000S\000a\000f\000e\000t\000y\000\040\000A\000n\000a\000l\000y\000s\000i\000s}{section.1.5}% 24
\BOOKMARK [2][]{subsection.1.5.2}{\376\377\0001\000.\0005\000.\0002\000\040\000S\000a\000f\000e\000t\000y\000-\000o\000r\000i\000e\000n\000t\000e\000d\000\040\000d\000e\000c\000i\000s\000i\000o\000n}{section.1.5}% 25
\BOOKMARK [1][]{section.1.6}{\376\377\0001\000.\0006\000\040\000C\000h\000a\000p\000t\000e\000r\000\040\000S\000u\000m\000m\000a\000r\000y\000\040\000a\000n\000d\000\040\000p\000o\000s\000s\000i\000b\000l\000e\000\040\000f\000u\000t\000u\000r\000e\000\040\000w\000o\000r\000k}{chapter.1}% 26
\BOOKMARK [2][]{subsection.1.6.1}{\376\377\0001\000.\0006\000.\0001\000\040\000C\000h\000a\000p\000t\000e\000r\000\040\000S\000u\000m\000m\000a\000r\000y}{section.1.6}% 27
\BOOKMARK [2][]{subsection.1.6.2}{\376\377\0001\000.\0006\000.\0002\000\040\000P\000o\000s\000s\000i\000b\000l\000e\000\040\000F\000u\000t\000u\000r\000e\000\040\000W\000o\000r\000k\000\040}{section.1.6}% 28
\BOOKMARK [1][]{section.1.7}{\376\377\0001\000.\0007\000\040\000T\000h\000e\000\040\000O\000b\000j\000e\000c\000t\000i\000v\000e\000\040\000a\000n\000d\000\040\000S\000t\000r\000u\000c\000t\000u\000r\000e\000\040\000o\000f\000\040\000t\000h\000e\000\040\000B\000o\000o\000k}{chapter.1}% 29
\BOOKMARK [0][]{chapter.2}{\376\377\0002\000\040\000C\000o\000o\000r\000d\000i\000n\000a\000t\000e\000\040\000S\000y\000s\000t\000e\000m\000s}{}% 30
\BOOKMARK [1][]{section.2.1}{\376\377\0002\000.\0001\000\040\000D\000e\000f\000i\000n\000i\000t\000i\000o\000n\000s\000\040\000a\000n\000d\000\040\000N\000o\000t\000a\000t\000i\000o\000n}{chapter.2}% 31
\BOOKMARK [2][]{subsection.2.1.1}{\376\377\0002\000.\0001\000.\0001\000\040\000R\000i\000g\000h\000t\000-\000H\000a\000n\000d\000\040\000R\000u\000l\000e}{section.2.1}% 32
\BOOKMARK [2][]{subsection.2.1.2}{\376\377\0002\000.\0001\000.\0002\000\040\000V\000a\000r\000i\000a\000b\000l\000e\000\040\000N\000o\000t\000a\000t\000i\000o\000n}{section.2.1}% 33
\BOOKMARK [1][]{section.2.2}{\376\377\0002\000.\0002\000\040\000C\000o\000o\000r\000d\000i\000n\000a\000t\000e\000\040\000F\000r\000a\000m\000e\000s}{chapter.2}% 34
\BOOKMARK [2][]{subsection.2.2.1}{\376\377\0002\000.\0002\000.\0001\000\040\000T\000h\000e\000\040\000G\000r\000o\000u\000n\000d\000\040\000F\000r\000a\000m\000e}{section.2.2}% 35
\BOOKMARK [2][]{subsection.2.2.2}{\376\377\0002\000.\0002\000.\0002\000\040\000T\000h\000e\000\040\000B\000o\000d\000y\000\040\000F\000r\000a\000m\000e\000s}{section.2.2}% 36
\BOOKMARK [2][]{subsection.2.2.3}{\376\377\0002\000.\0002\000.\0003\000\040\000T\000h\000e\000\040\000S\000t\000a\000b\000i\000l\000i\000t\000y\000\040\000F\000r\000a\000m\000e}{section.2.2}% 37
\BOOKMARK [2][]{subsection.2.2.4}{\376\377\0002\000.\0002\000.\0004\000\040\000T\000h\000e\000\040\000W\000i\000n\000d\000\040\000F\000r\000a\000m\000e}{section.2.2}% 38
\BOOKMARK [2][]{subsection.2.2.5}{\376\377\0002\000.\0002\000.\0005\000\040\000T\000h\000e\000\040\000C\000F\000D\000\040\000F\000r\000a\000m\000e}{section.2.2}% 39
\BOOKMARK [2][]{subsection.2.2.6}{\376\377\0002\000.\0002\000.\0006\000\040\000T\000h\000e\000\040\000D\000r\000o\000g\000u\000e\000\040\000E\000q\000u\000i\000l\000i\000b\000r\000i\000u\000m\000\040\000P\000o\000s\000i\000t\000i\000o\000n\000\040\000F\000r\000a\000m\000e}{section.2.2}% 40
\BOOKMARK [1][]{section.2.3}{\376\377\0002\000.\0003\000\040\000F\000r\000a\000m\000e\000\040\000T\000r\000a\000n\000s\000f\000o\000r\000m\000a\000t\000i\000o\000n}{chapter.2}% 41
\BOOKMARK [2][]{subsection.2.3.1}{\376\377\0002\000.\0003\000.\0001\000\040\000E\000u\000l\000e\000r\000\040\000A\000n\000g\000l\000e\000\040\000M\000e\000t\000h\000o\000d}{section.2.3}% 42
\BOOKMARK [2][]{subsection.2.3.2}{\376\377\0002\000.\0003\000.\0002\000\040\000D\000i\000r\000e\000c\000t\000i\000o\000n\000\040\000C\000o\000s\000i\000n\000e\000\040\000M\000a\000t\000r\000i\000x\000\040\000m\000e\000t\000h\000o\000d}{section.2.3}% 43
\BOOKMARK [1][]{section.2.4}{\376\377\0002\000.\0004\000\040\000C\000h\000a\000p\000t\000e\000r\000\040\000S\000u\000m\000m\000a\000r\000y}{chapter.2}% 44
\BOOKMARK [0][]{chapter.3}{\376\377\0003\000\040\000A\000i\000r\000c\000r\000a\000f\000t\000\040\000w\000i\000t\000h\000\040\000H\000o\000s\000e\000\040\000a\000n\000d\000\040\000D\000r\000o\000g\000u\000e}{}% 45
\BOOKMARK [1][]{section.3.1}{\376\377\0003\000.\0001\000\040\000A\000i\000r\000c\000r\000a\000f\000t\000\040\000M\000o\000d\000e\000l}{chapter.3}% 46
\BOOKMARK [2][]{subsection.3.1.1}{\376\377\0003\000.\0001\000.\0001\000\040\000N\000o\000n\000l\000i\000n\000e\000a\000r\000\040\000M\000a\000s\000s\000-\000v\000a\000r\000i\000n\000g\000\040\000M\000o\000d\000e\000l\000\040\000o\000f\000\040\000R\000e\000c\000e\000i\000v\000e\000r\000\040\000A\000i\000r\000c\000r\000a\000f\000t\000\040}{section.3.1}% 47
\BOOKMARK [2][]{subsection.3.1.2}{\376\377\0003\000.\0001\000.\0002\000\040\000N\000o\000n\000l\000i\000n\000e\000a\000r\000\040\000M\000o\000d\000e\000l\000\040\000D\000e\000c\000o\000u\000p\000l\000i\000n\000g\000\040\000a\000n\000d\000\040\000L\000i\000n\000e\000a\000r\000i\000z\000a\000t\000i\000o\000n}{section.3.1}% 48
\BOOKMARK [2][]{subsection.3.1.3}{\376\377\0003\000.\0001\000.\0003\000\040\000I\000n\000v\000o\000l\000v\000e\000m\000e\000n\000t\000\040\000o\000f\000\040\000w\000i\000n\000d\000\040\000d\000i\000s\000t\000u\000r\000b\000a\000n\000c\000e\000s}{section.3.1}% 49
\BOOKMARK [1][]{section.3.2}{\376\377\0003\000.\0002\000\040\000L\000i\000n\000k\000-\000c\000o\000n\000n\000e\000c\000t\000e\000d\000\040\000h\000o\000s\000e\000-\000d\000o\000g\000u\000e\000\040\000M\000o\000d\000e\000l}{chapter.3}% 50
\BOOKMARK [2][]{subsection.3.2.1}{\376\377\0003\000.\0002\000.\0001\000\040\000O\000u\000t\000l\000i\000n\000e}{section.3.2}% 51
\BOOKMARK [2][]{subsection.3.2.2}{\376\377\0003\000.\0002\000.\0002\000\040\000K\000i\000n\000e\000m\000a\000t\000i\000c\000\040\000E\000q\000u\000a\000t\000i\000o\000n\000s}{section.3.2}% 52
\BOOKMARK [2][]{subsection.3.2.3}{\376\377\0003\000.\0002\000.\0003\000\040\000D\000y\000n\000a\000m\000i\000c\000\040\000E\000q\000u\000a\000t\000i\000o\000n\000s}{section.3.2}% 53
\BOOKMARK [2][]{subsection.3.2.4}{\376\377\0003\000.\0002\000.\0004\000\040\000C\000a\000l\000c\000u\000l\000a\000t\000i\000o\000n\000\040\000o\000f\000\040\000T\000e\000n\000s\000i\000o\000n}{section.3.2}% 54
\BOOKMARK [2][]{subsection.3.2.5}{\376\377\0003\000.\0002\000.\0005\000\040\000L\000i\000n\000k\000-\000c\000o\000n\000n\000e\000c\000t\000e\000d\000\040\000M\000o\000d\000e\000l\000\040\000d\000u\000r\000i\000n\000g\000\040\000H\000o\000s\000e\000\040\000C\000o\000n\000t\000r\000a\000c\000t\000i\000o\000n}{section.3.2}% 55
\BOOKMARK [2][]{subsection.3.2.6}{\376\377\0003\000.\0002\000.\0006\000\040\000S\000i\000m\000u\000l\000a\000t\000i\000o\000n\000\040\000E\000x\000a\000m\000p\000l\000e\000\040\000o\000f\000\040\000t\000h\000e\000\040\000l\000i\000n\000k\000-\000c\000o\000n\000n\000e\000c\000t\000e\000d\000\040\000h\000o\000s\000e\000-\000d\000r\000o\000g\000u\000e\000\040\000m\000o\000d\000e\000l}{section.3.2}% 56
\BOOKMARK [0][]{chapter.4}{\376\377\0004\000\040\000A\000e\000r\000o\000d\000y\000n\000a\000m\000i\000c\000\040\000D\000i\000s\000t\000u\000r\000b\000a\000n\000c\000e\000s}{}% 57
\BOOKMARK [1][]{section.4.1}{\376\377\0004\000.\0001\000\040\000A\000t\000m\000o\000s\000p\000h\000e\000r\000i\000c\000\040\000T\000u\000r\000b\000u\000l\000e\000n\000c\000e}{chapter.4}% 58
\BOOKMARK [1][]{section.4.2}{\376\377\0004\000.\0002\000\040\000W\000i\000n\000d\000\040\000G\000u\000s\000t\000\040\000M\000o\000d\000e\000l}{chapter.4}% 59
\BOOKMARK [1][]{section.4.3}{\376\377\0004\000.\0003\000\040\000W\000i\000n\000d\000\040\000S\000h\000e\000a\000r}{chapter.4}% 60
\BOOKMARK [1][]{section.4.4}{\376\377\0004\000.\0004\000\040\000T\000a\000n\000k\000e\000r\000\040\000W\000a\000k\000e}{chapter.4}% 61
\BOOKMARK [1][]{section.4.5}{\376\377\0004\000.\0005\000\040\000B\000o\000w\000\040\000W\000a\000v\000e\000\040\000E\000f\000f\000e\000c\000t}{chapter.4}% 62
\BOOKMARK [2][]{subsection.4.5.1}{\376\377\0004\000.\0005\000.\0001\000\040\000S\000t\000r\000e\000a\000m\000\040\000f\000u\000n\000c\000t\000i\000o\000n\000s}{section.4.5}% 63
\BOOKMARK [2][]{subsection.4.5.2}{\376\377\0004\000.\0005\000.\0002\000\040\000T\000w\000o\000-\000d\000i\000m\000e\000n\000s\000i\000o\000n\000a\000l\000\040\000f\000l\000o\000w\000\040\000f\000i\000e\000l\000d\000\040\000a\000n\000d\000\040\000c\000o\000r\000r\000e\000c\000t\000i\000o\000n\000\040\000o\000f\000\040\000t\000h\000e\000\040\000a\000i\000r\000c\000r\000a\000f\000t\000\040\000n\000o\000s\000e}{section.4.5}% 64
\BOOKMARK [2][]{subsection.4.5.3}{\376\377\0004\000.\0005\000.\0003\000\040\000E\000s\000t\000a\000b\000l\000i\000s\000h\000m\000e\000n\000t\000\040\000o\000f\000\040\000t\000h\000r\000e\000e\000-\000d\000i\000m\000e\000n\000s\000i\000o\000n\000a\000l\000\040\000f\000l\000o\000w\000\040\000f\000i\000e\000l\000d\000\040\000o\000f\000\040\000t\000h\000e\000\040\000a\000i\000r\000c\000r\000a\000f\000t\000\040\000n\000o\000s\000e}{section.4.5}% 65
\BOOKMARK [2][]{subsection.4.5.4}{\376\377\0004\000.\0005\000.\0004\000\040\000D\000e\000r\000i\000v\000a\000t\000i\000o\000n\000\040\000a\000n\000d\000\040\000v\000a\000l\000i\000d\000a\000t\000i\000o\000n\000\040\000o\000f\000\040\000t\000h\000e\000\040\000f\000o\000r\000c\000e\000\040\000m\000o\000d\000e\000l\000\040\000f\000o\000r\000\040\000t\000h\000e\000\040\000d\000r\000o\000g\000u\000e}{section.4.5}% 66
\BOOKMARK [1][]{section.4.6}{\376\377\0004\000.\0006\000\040\000B\000o\000w\000\040\000W\000a\000v\000e\000\040\000E\000f\000f\000e\000c\000t\000\040\000M\000o\000d\000e\000l\000\040\000B\000a\000s\000e\000d\000\040\000o\000n\000\040\000l\000i\000n\000k\000-\000c\000o\000n\000n\000e\000c\000t\000e\000d\000\040\000m\000o\000d\000e\000l}{chapter.4}% 67
\BOOKMARK [2][]{subsection.4.6.1}{\376\377\0004\000.\0006\000.\0001\000\040\000P\000r\000o\000b\000l\000e\000m\000\040\000D\000e\000s\000c\000r\000i\000p\000t\000i\000o\000n\000\040\000a\000n\000d\000\040\000M\000o\000d\000e\000l\000i\000n\000g\000\040\000A\000p\000p\000r\000o\000a\000c\000h\000\040\000o\000f\000\040\000t\000h\000e\000\040\000B\000o\000w\000\040\000W\000a\000v\000e\000\040\000E\000f\000f\000e\000c\000t\000\040\000M\000o\000d\000e\000l}{section.4.6}% 68
\BOOKMARK [2][]{subsection.4.6.2}{\376\377\0004\000.\0006\000.\0002\000\040\000C\000o\000l\000l\000e\000c\000t\000i\000o\000n\000\040\000o\000f\000\040\000C\000F\000D\000\040\000D\000a\000t\000a\000\040\000f\000o\000r\000\040\000B\000o\000w\000\040\000W\000a\000v\000e\000\040\000E\000f\000f\000e\000c\000t}{section.4.6}% 69
\BOOKMARK [2][]{subsection.4.6.3}{\376\377\0004\000.\0006\000.\0003\000\040\000B\000o\000w\000\040\000W\000a\000v\000e\000\040\000E\000f\000f\000e\000c\000t\000\040\000M\000o\000d\000e\000l\000\040\000a\000n\000d\000\040\000P\000a\000r\000a\000m\000e\000t\000e\000r\000\040\000E\000s\000t\000i\000m\000a\000t\000i\000o\000n}{section.4.6}% 70
\BOOKMARK [2][]{subsection.4.6.4}{\376\377\0004\000.\0006\000.\0004\000\040\000S\000i\000m\000u\000l\000a\000t\000i\000o\000n\000\040\000A\000n\000a\000l\000y\000s\000i\000s\000\040\000a\000n\000d\000\040\000M\000o\000d\000e\000l\000\040\000V\000a\000l\000i\000d\000a\000t\000i\000o\000n\000\040\000o\000f\000\040\000t\000h\000e\000\040\000B\000o\000w\000\040\000W\000a\000v\000e\000\040\000E\000f\000f\000e\000c\000t}{section.4.6}% 71
\BOOKMARK [2][]{subsection.4.6.5}{\376\377\0004\000.\0006\000.\0005\000\040\000A\000p\000p\000e\000n\000d\000i\000x\000:\000\040\000T\000r\000a\000i\000n\000i\000n\000g\000\040\000D\000a\000t\000a\000\040\000f\000o\000r\000\040\000C\000F\000D\000\040\000S\000i\000m\000u\000l\000a\000t\000i\000o\000n}{section.4.6}% 72
\BOOKMARK [1][]{section.4.7}{\376\377\0004\000.\0007\000\040\000C\000h\000a\000p\000t\000e\000r\000\040\000S\000u\000m\000m\000a\000r\000y}{chapter.4}% 73
\BOOKMARK [0][]{chapter.5}{\376\377\0005\000\040\000A\000A\000R\000S\000i\000m\000:\000\040\000A\000n\000\040\000I\000n\000t\000e\000g\000r\000a\000t\000e\000d\000\040\000H\000i\000g\000h\000-\000f\000i\000d\000e\000l\000i\000t\000y\000\040\000S\000i\000m\000u\000l\000a\000t\000i\000o\000n\000\040\000P\000l\000a\000t\000f\000o\000r\000m\000\040\000f\000o\000r\000\040\000A\000u\000t\000o\000n\000o\000m\000o\000u\000s\000\040\000A\000e\000r\000i\000a\000l\000\040\000R\000e\000f\000u\000e\000l\000i\000n\000g}{}% 74
\BOOKMARK [1][]{section.5.1}{\376\377\0005\000.\0001\000\040\000I\000n\000t\000r\000o\000d\000u\000c\000t\000i\000o\000n}{chapter.5}% 75
\BOOKMARK [1][]{section.5.2}{\376\377\0005\000.\0002\000\040\000A\000A\000R\000S\000i\000m\000\040\000f\000r\000a\000m\000e\000w\000o\000r\000k\000\040}{chapter.5}% 76
\BOOKMARK [2][]{subsection.5.2.1}{\376\377\0005\000.\0002\000.\0001\000\040\000A\000r\000c\000h\000i\000t\000e\000c\000t\000u\000r\000e}{section.5.2}% 77
\BOOKMARK [2][]{subsection.5.2.2}{\376\377\0005\000.\0002\000.\0002\000\040\000R\000e\000a\000l\000i\000z\000a\000t\000i\000o\000n\000\040}{section.5.2}% 78
\BOOKMARK [2][]{subsection.5.2.3}{\376\377\0005\000.\0002\000.\0003\000\040\000I\000n\000t\000e\000r\000f\000a\000c\000e\000\040\000u\000s\000a\000g\000e\000\040}{section.5.2}% 79
\BOOKMARK [1][]{section.5.3}{\376\377\0005\000.\0003\000\040\000A\000A\000R\000\040\000S\000y\000s\000t\000e\000m\000\040\000M\000o\000d\000e\000l\000i\000n\000g\000\040}{chapter.5}% 80
\BOOKMARK [2][]{subsection.5.3.1}{\376\377\0005\000.\0003\000.\0001\000\040\000A\000i\000r\000c\000r\000a\000f\000t\000\040\000m\000o\000d\000e\000l\000\040}{section.5.3}% 81
\BOOKMARK [2][]{subsection.5.3.2}{\376\377\0005\000.\0003\000.\0002\000\040\000R\000e\000f\000u\000e\000l\000i\000n\000g\000\040\000e\000q\000u\000i\000p\000m\000e\000n\000t\000\040\000m\000o\000d\000e\000l\000\040}{section.5.3}% 82
\BOOKMARK [2][]{subsection.5.3.3}{\376\377\0005\000.\0003\000.\0003\000\040\000N\000a\000t\000u\000r\000a\000l\000\040\000w\000i\000n\000d\000\040\000m\000o\000d\000e\000l\000\040}{section.5.3}% 83
\BOOKMARK [2][]{subsection.5.3.4}{\376\377\0005\000.\0003\000.\0004\000\040\000B\000o\000w\000\040\000w\000a\000v\000e\000\040\000e\000f\000f\000e\000c\000t\000\040}{section.5.3}% 84
\BOOKMARK [2][]{subsection.5.3.5}{\376\377\0005\000.\0003\000.\0005\000\040\000S\000u\000c\000c\000e\000s\000s\000f\000u\000l\000\040\000d\000o\000c\000k\000i\000n\000g\000\040\000c\000r\000i\000t\000e\000r\000i\000o\000n\000\040}{section.5.3}% 85
\BOOKMARK [2][]{subsection.5.3.6}{\376\377\0005\000.\0003\000.\0006\000\040\0003\000D\000\040\000v\000i\000s\000u\000a\000l\000i\000z\000a\000t\000i\000o\000n\000\040\000m\000o\000d\000e\000l\000\040}{section.5.3}% 86
\BOOKMARK [1][]{section.5.4}{\376\377\0005\000.\0004\000\040\000P\000l\000a\000t\000f\000o\000r\000m\000'\000s\000\040\000f\000u\000n\000c\000t\000i\000o\000n\000\040}{chapter.5}% 87
\BOOKMARK [2][]{subsection.5.4.1}{\376\377\0005\000.\0004\000.\0001\000\040\000\040\000A\000A\000R\000\040\000p\000r\000o\000c\000e\000s\000s}{section.5.4}% 88
\BOOKMARK [2][]{subsection.5.4.2}{\376\377\0005\000.\0004\000.\0002\000\040\000\040\000I\000n\000i\000t\000i\000a\000l\000\040\000c\000o\000n\000d\000i\000t\000i\000o\000n\000\040\000s\000e\000t\000t\000i\000n\000g}{section.5.4}% 89
\BOOKMARK [2][]{subsection.5.4.3}{\376\377\0005\000.\0004\000.\0003\000\040\000A\000l\000g\000o\000r\000i\000t\000h\000m\000\040\000d\000e\000s\000i\000g\000n}{section.5.4}% 90
\BOOKMARK [2][]{subsection.5.4.4}{\376\377\0005\000.\0004\000.\0004\000\040\000M\000o\000d\000e\000l\000\040\000a\000n\000a\000l\000y\000s\000i\000s\000\040}{section.5.4}% 91
\BOOKMARK [1][]{section.5.5}{\376\377\0005\000.\0005\000\040\000D\000e\000m\000o\000s\000\040}{chapter.5}% 92
\BOOKMARK [2][]{subsection.5.5.1}{\376\377\0005\000.\0005\000.\0001\000\040\000D\000e\000m\000o\000\040\000o\000b\000j\000e\000c\000t\000i\000v\000e\000s}{section.5.5}% 93
\BOOKMARK [2][]{subsection.5.5.2}{\376\377\0005\000.\0005\000.\0002\000\040\000I\000n\000i\000t\000i\000a\000l\000\040\000s\000e\000t\000t\000i\000n\000g\000s}{section.5.5}% 94
\BOOKMARK [2][]{subsection.5.5.3}{\376\377\0005\000.\0005\000.\0003\000\040\000I\000m\000p\000l\000e\000m\000e\000n\000t\000\040\000o\000f\000\040\000t\000w\000o\000\040\000o\000b\000j\000e\000c\000t\000i\000v\000e\000s}{section.5.5}% 95
\BOOKMARK [2][]{subsection.5.5.4}{\376\377\0005\000.\0005\000.\0004\000\040\000I\000m\000p\000l\000e\000m\000e\000n\000t\000\040\000o\000f\000\040\000O\000b\000j\000e\000c\000t\000i\000v\000e\000\040\0001}{section.5.5}% 96
\BOOKMARK [2][]{subsection.5.5.5}{\376\377\0005\000.\0005\000.\0005\000\040\000I\000m\000p\000l\000e\000m\000e\000n\000t\000\040\000o\000f\000\040\000O\000b\000j\000e\000c\000t\000i\000v\000e\000\040\0002}{section.5.5}% 97
\BOOKMARK [2][]{subsection.5.5.6}{\376\377\0005\000.\0005\000.\0006\000\040\000R\000e\000s\000u\000l\000t\000s\000\040\000a\000n\000d\000\040\000a\000n\000a\000l\000y\000s\000i\000s}{section.5.5}% 98
\BOOKMARK [2][]{subsection.5.5.7}{\376\377\0005\000.\0005\000.\0007\000\040\000\040\000S\000t\000a\000b\000i\000l\000i\000t\000y\000\040\000a\000n\000d\000\040\000m\000o\000t\000i\000o\000n\000\040\000m\000o\000d\000e}{section.5.5}% 99
\BOOKMARK [2][]{subsection.5.5.8}{\376\377\0005\000.\0005\000.\0008\000\040\000\040\000W\000i\000n\000d\000\040\000t\000u\000r\000b\000u\000l\000e\000n\000c\000e\000\040\000a\000n\000d\000\040\000h\000o\000s\000e\000\040\000t\000e\000n\000s\000i\000o\000n\000\040\000m\000o\000n\000i\000t\000o\000r\000i\000n\000g}{section.5.5}% 100
\BOOKMARK [2][]{subsection.5.5.9}{\376\377\0005\000.\0005\000.\0009\000\040\000\040\000D\000o\000c\000k\000i\000n\000g\000\040\000a\000c\000c\000u\000r\000a\000c\000y}{section.5.5}% 101
\BOOKMARK [2][]{subsection.5.5.10}{\376\377\0005\000.\0005\000.\0001\0000\000\040\000S\000o\000u\000r\000c\000e\000\040\000c\000o\000d\000e\000\040\000a\000n\000d\000\040\000v\000i\000d\000e\000o}{section.5.5}% 102
\BOOKMARK [1][]{section.5.6}{\376\377\0005\000.\0006\000\040\000C\000h\000a\000p\000t\000e\000r\000\040\000S\000u\000m\000m\000a\000r\000y}{chapter.5}% 103
\BOOKMARK [0][]{chapter.6}{\376\377\0006\000\040\000V\000i\000s\000i\000o\000n\000-\000B\000a\000s\000e\000d\000\040\000R\000e\000l\000a\000t\000i\000v\000e\000\040\000P\000o\000s\000i\000t\000i\000o\000n\000\040\000E\000s\000t\000i\000m\000a\000t\000i\000o\000n}{}% 104
\BOOKMARK [1][]{section.6.1}{\376\377\0006\000.\0001\000\040\000I\000n\000t\000r\000o\000d\000u\000c\000t\000i\000o\000n}{chapter.6}% 105
\BOOKMARK [1][]{section.6.2}{\376\377\0006\000.\0002\000\040\000P\000r\000e\000l\000i\000m\000i\000n\000a\000r\000i\000e\000s\000\040\000a\000n\000d\000\040\000P\000r\000o\000b\000l\000e\000m\000\040\000F\000o\000r\000m\000u\000l\000a\000t\000i\000o\000n}{chapter.6}% 106
\BOOKMARK [2][]{subsection.6.2.1}{\376\377\0006\000.\0002\000.\0001\000\040\000T\000h\000e\000\040\000L\000a\000y\000o\000u\000t\000\040\000o\000f\000\040\000M\000a\000r\000k\000e\000r\000s}{section.6.2}% 107
\BOOKMARK [2][]{subsection.6.2.2}{\376\377\0006\000.\0002\000.\0002\000\040\000C\000o\000o\000r\000d\000i\000n\000a\000t\000e\000\040\000S\000y\000s\000t\000e\000m\000\040\000T\000r\000a\000n\000s\000f\000o\000r\000m\000a\000t\000i\000o\000n}{section.6.2}% 108
\BOOKMARK [2][]{subsection.6.2.3}{\376\377\0006\000.\0002\000.\0003\000\040\000C\000a\000m\000e\000r\000a\000\040\000P\000i\000n\000h\000o\000l\000e\000\040\000M\000o\000d\000e\000l}{section.6.2}% 109
\BOOKMARK [2][]{subsection.6.2.4}{\376\377\0006\000.\0002\000.\0004\000\040\000P\000r\000o\000b\000l\000e\000m\000\040\000F\000o\000r\000m\000u\000l\000a\000t\000i\000o\000n}{section.6.2}% 110
\BOOKMARK [1][]{section.6.3}{\376\377\0006\000.\0003\000\040\000M\000a\000i\000n\000\040\000A\000l\000g\000o\000r\000i\000t\000h\000m\000\040\000f\000o\000r\000\040\000P\000o\000s\000i\000t\000i\000o\000n\000\040\000E\000s\000t\000i\000m\000a\000t\000i\000o\000n}{chapter.6}% 111
\BOOKMARK [2][]{subsection.6.3.1}{\376\377\0006\000.\0003\000.\0001\000\040\000M\000a\000r\000k\000e\000r\000s\000\040\000D\000e\000t\000e\000c\000t\000i\000n\000g\000\040\000a\000n\000d\000\040\000M\000a\000t\000c\000h\000i\000n\000g}{section.6.3}% 112
\BOOKMARK [2][]{subsection.6.3.2}{\376\377\0006\000.\0003\000.\0002\000\040\000K\000F\000\040\000a\000n\000d\000\040\000R\000o\000b\000u\000s\000t\000\040\000I\000m\000a\000g\000e\000\040\000T\000r\000a\000c\000k\000i\000n\000g\000\040\000A\000l\000g\000o\000r\000i\000t\000h\000m}{section.6.3}% 113
\BOOKMARK [2][]{subsection.6.3.3}{\376\377\0006\000.\0003\000.\0003\000\040\000T\000h\000e\000\040\000D\000i\000s\000p\000o\000s\000e\000\040\000o\000f\000\040\000N\000o\000i\000s\000e\000\040\000a\000n\000d\000\040\000R\000e\000d\000u\000n\000d\000a\000n\000t\000\040\000P\000o\000i\000n\000t\000s}{section.6.3}% 114
\BOOKMARK [2][]{subsection.6.3.4}{\376\377\0006\000.\0003\000.\0004\000\040\000T\000h\000e\000\040\000A\000l\000g\000o\000r\000i\000t\000h\000m\000\040\000o\000f\000\040\000L\000o\000s\000i\000n\000g\000\040\000P\000o\000i\000n\000t\000s}{section.6.3}% 115
\BOOKMARK [1][]{section.6.4}{\376\377\0006\000.\0004\000\040\000D\000e\000e\000p\000\040\000L\000e\000a\000r\000n\000i\000n\000g\000-\000B\000a\000s\000e\000d\000\040\000D\000r\000o\000g\000u\000e\000\040\000D\000e\000t\000e\000c\000t\000i\000o\000n}{chapter.6}% 116
\BOOKMARK [2][]{subsection.6.4.1}{\376\377\0006\000.\0004\000.\0001\000\040\000N\000e\000t\000w\000o\000r\000k\000\040\000A\000r\000c\000h\000i\000t\000e\000c\000t\000u\000r\000e}{section.6.4}% 117
\BOOKMARK [2][]{subsection.6.4.2}{\376\377\0006\000.\0004\000.\0002\000\040\000P\000o\000s\000i\000t\000i\000o\000n\000\040\000e\000s\000i\000t\000i\000m\000a\000t\000i\000o\000n}{section.6.4}% 118
\BOOKMARK [2][]{subsection.6.4.3}{\376\377\0006\000.\0004\000.\0003\000\040\000D\000a\000t\000a\000s\000e\000t}{section.6.4}% 119
\BOOKMARK [2][]{subsection.6.4.4}{\376\377\0006\000.\0004\000.\0004\000\040\000T\000r\000a\000i\000n\000i\000n\000g\000\040\000a\000p\000p\000r\000o\000a\000c\000h}{section.6.4}% 120
\BOOKMARK [1][]{section.6.5}{\376\377\0006\000.\0005\000\040\000S\000i\000m\000u\000l\000a\000t\000i\000o\000n\000\040\000a\000n\000d\000\040\000R\000e\000s\000u\000l\000t\000s}{chapter.6}% 121
\BOOKMARK [2][]{subsection.6.5.1}{\376\377\0006\000.\0005\000.\0001\000\040\000S\000i\000m\000u\000l\000a\000t\000i\000o\000n\000\040\000E\000n\000v\000i\000r\000o\000n\000m\000e\000n\000t}{section.6.5}% 122
\BOOKMARK [2][]{subsection.6.5.2}{\376\377\0006\000.\0005\000.\0002\000\040\000M\000a\000r\000k\000e\000r\000\040\000I\000d\000e\000n\000t\000i\000f\000i\000c\000a\000t\000i\000o\000n}{section.6.5}% 123
\BOOKMARK [2][]{subsection.6.5.3}{\376\377\0006\000.\0005\000.\0003\000\040\000S\000i\000m\000u\000l\000a\000t\000i\000o\000n\000\040\000R\000e\000s\000u\000l\000t\000s}{section.6.5}% 124
\BOOKMARK [1][]{section.6.6}{\376\377\0006\000.\0006\000\040\000C\000h\000a\000p\000t\000e\000r\000\040\000S\000u\000m\000m\000a\000r\000y}{chapter.6}% 125
\BOOKMARK [0][]{chapter.7}{\376\377\0007\000\040\000\040\000A\000d\000d\000i\000t\000i\000v\000e\000-\000S\000t\000a\000t\000e\000-\000D\000e\000c\000o\000m\000p\000o\000s\000i\000t\000i\000o\000n\000-\000B\000a\000s\000e\000d\000\040\000S\000t\000a\000t\000i\000o\000n\000-\000K\000e\000e\000p\000i\000n\000g\000\040\000C\000o\000n\000t\000r\000o\000l}{}% 126
\BOOKMARK [1][]{section.7.1}{\376\377\0007\000.\0001\000\040\000I\000n\000t\000r\000o\000d\000u\000c\000t\000i\000o\000n}{chapter.7}% 127
\BOOKMARK [1][]{section.7.2}{\376\377\0007\000.\0002\000\040\000M\000o\000d\000e\000l\000\040\000D\000e\000s\000c\000r\000i\000p\000t\000i\000o\000n\000\040\000a\000n\000d\000\040\000P\000r\000o\000b\000l\000e\000m\000\040\000S\000t\000a\000t\000e\000m\000e\000n\000t}{chapter.7}% 128
\BOOKMARK [2][]{subsection.7.2.1}{\376\377\0007\000.\0002\000.\0001\000\040\000A\000A\000R\000\040\000s\000y\000s\000t\000e\000m\000\040\000m\000o\000d\000e\000l}{section.7.2}% 129
\BOOKMARK [2][]{subsection.7.2.2}{\376\377\0007\000.\0002\000.\0002\000\040\000P\000r\000o\000b\000l\000e\000m\000\040\000s\000t\000a\000t\000e\000m\000e\000n\000t}{section.7.2}% 130
\BOOKMARK [1][]{section.7.3}{\376\377\0007\000.\0003\000\040\000A\000S\000D\000-\000b\000a\000s\000e\000d\000\040\000S\000t\000a\000t\000i\000o\000n\000-\000k\000e\000e\000p\000i\000n\000g\000\040\000C\000o\000n\000t\000r\000o\000l\000l\000e\000r\000\040\000D\000e\000s\000i\000g\000n}{chapter.7}% 131
\BOOKMARK [2][]{subsection.7.3.1}{\376\377\0007\000.\0003\000.\0001\000\040\000B\000a\000s\000i\000c\000\040\000c\000o\000n\000t\000r\000o\000l\000\040\000i\000d\000e\000a}{section.7.3}% 132
\BOOKMARK [2][]{subsection.7.3.2}{\376\377\0007\000.\0003\000.\0002\000\040\000A\000d\000d\000i\000t\000i\000v\000e\000\040\000s\000t\000a\000t\000e\000\040\000d\000e\000c\000o\000m\000p\000o\000s\000i\000t\000i\000o\000n}{section.7.3}% 133
\BOOKMARK [2][]{subsection.7.3.3}{\376\377\0007\000.\0003\000.\0003\000\040\000C\000o\000n\000t\000r\000o\000l\000l\000e\000r\000\040\000d\000e\000s\000i\000g\000n\000\040\000f\000o\000r\000\040\000t\000h\000e\000\040\000p\000r\000i\000m\000a\000r\000y\000\040\000a\000n\000d\000\040\000s\000e\000c\000o\000n\000d\000a\000r\000y\000\040\000s\000y\000s\000t\000e\000m\000s}{section.7.3}% 134
\BOOKMARK [2][]{subsection.7.3.4}{\376\377\0007\000.\0003\000.\0004\000\040\000C\000o\000n\000t\000r\000o\000l\000l\000e\000r\000\040\000i\000n\000t\000e\000g\000r\000a\000t\000i\000o\000n}{section.7.3}% 135
\BOOKMARK [1][]{section.7.4}{\376\377\0007\000.\0004\000\040\000S\000i\000m\000u\000l\000a\000t\000i\000o\000n\000\040\000S\000t\000u\000d\000i\000e\000s}{chapter.7}% 136
\BOOKMARK [2][]{subsection.7.4.1}{\376\377\0007\000.\0004\000.\0001\000\040\000S\000i\000m\000u\000l\000a\000t\000i\000o\000n\000\040\000c\000o\000n\000f\000i\000g\000u\000r\000a\000t\000i\000o\000n}{section.7.4}% 137
\BOOKMARK [2][]{subsection.7.4.2}{\376\377\0007\000.\0004\000.\0002\000\040\000S\000i\000m\000u\000l\000a\000t\000i\000o\000n\000\040\000r\000e\000s\000u\000l\000t\000s}{section.7.4}% 138
\BOOKMARK [1][]{section.7.5}{\376\377\0007\000.\0005\000\040\000C\000h\000a\000p\000t\000e\000r\000\040\000S\000u\000m\000m\000a\000r\000y}{chapter.7}% 139
\BOOKMARK [0][]{chapter.8}{\376\377\0008\000\040\000H\000o\000s\000e\000-\000D\000r\000u\000m\000-\000U\000n\000i\000t\000\040\000C\000o\000n\000t\000r\000o\000l}{}% 140
\BOOKMARK [1][]{section.8.1}{\376\377\0008\000.\0001\000\040\000I\000n\000t\000r\000o\000d\000u\000c\000t\000i\000o\000n}{chapter.8}% 141
\BOOKMARK [1][]{section.8.2}{\376\377\0008\000.\0002\000\040\000D\000r\000o\000g\000u\000e\000\040\000D\000y\000n\000a\000m\000i\000c\000\040\000M\000o\000d\000e\000l\000\040\000w\000i\000t\000h\000\040\000H\000D\000U}{chapter.8}% 142
\BOOKMARK [2][]{subsection.8.2.1}{\376\377\0008\000.\0002\000.\0001\000\040\000A\000n\000a\000l\000y\000s\000i\000s\000\040\000o\000f\000\040\000F\000i\000x\000e\000d\000-\000L\000e\000n\000g\000t\000h\000\040\000l\000i\000n\000k\000-\000c\000o\000n\000n\000e\000c\000t\000e\000d\000\040\000m\000o\000d\000e\000l\000\040\000D\000e\000f\000i\000c\000i\000e\000n\000c\000i\000e\000s}{section.8.2}% 143
\BOOKMARK [2][]{subsection.8.2.2}{\376\377\0008\000.\0002\000.\0002\000\040\000M\000o\000d\000e\000l\000\040\000o\000f\000\040\000t\000h\000e\000\040\000H\000D\000U}{section.8.2}% 144
\BOOKMARK [2][]{subsection.8.2.3}{\376\377\0008\000.\0002\000.\0003\000\040\000H\000D\000U\000\040\000C\000o\000n\000t\000r\000o\000l\000l\000e\000r\000\040\000a\000n\000d\000\040\000Q\000u\000a\000l\000i\000t\000a\000t\000i\000v\000e\000\040\000A\000n\000a\000l\000y\000s\000i\000s\000\040\000o\000f\000\040\000i\000t\000s\000\040\000C\000o\000n\000t\000r\000o\000l\000\040\000E\000f\000f\000e\000c\000t}{section.8.2}% 145
\BOOKMARK [1][]{section.8.3}{\376\377\0008\000.\0003\000\040\000S\000i\000m\000p\000l\000i\000f\000i\000e\000d\000\040\000D\000r\000o\000g\000u\000e\000\040\000D\000y\000n\000a\000m\000i\000c\000\040\000M\000o\000d\000e\000l}{chapter.8}% 146
\BOOKMARK [2][]{subsection.8.3.1}{\376\377\0008\000.\0003\000.\0001\000\040\000P\000r\000o\000b\000l\000e\000m\000\040\000D\000e\000s\000c\000r\000i\000p\000t\000i\000o\000n\000\040\000a\000n\000d\000\040\000M\000o\000d\000e\000l\000i\000n\000g\000\040\000A\000p\000p\000r\000o\000a\000c\000h\000\040\000f\000o\000r\000\040\000D\000r\000o\000g\000u\000e\000\040\000D\000y\000n\000a\000m\000i\000c\000\040\000M\000o\000d\000e\000l}{section.8.3}% 147
\BOOKMARK [2][]{subsection.8.3.2}{\376\377\0008\000.\0003\000.\0002\000\040\000S\000p\000e\000c\000u\000l\000a\000t\000i\000o\000n\000\040\000o\000n\000\040\000t\000h\000e\000\040\000F\000o\000r\000m\000\040\000o\000f\000\040\000G\000d\000\050\000\040\000s\000\040\000\051}{section.8.3}% 148
\BOOKMARK [2][]{subsection.8.3.3}{\376\377\0008\000.\0003\000.\0003\000\040\000S\000y\000s\000t\000e\000m\000\040\000i\000d\000e\000n\000t\000i\000f\000i\000c\000a\000t\000i\000o\000n\000\040\000o\000f\000\040\000t\000h\000e\000\040\000l\000i\000n\000k\000-\000c\000o\000n\000n\000e\000c\000t\000e\000d\000\040\000h\000o\000s\000e\000-\000d\000r\000o\000g\000u\000e\000\040\000m\000o\000d\000e\000l}{section.8.3}% 149
\BOOKMARK [2][]{subsection.8.3.4}{\376\377\0008\000.\0003\000.\0004\000\040\000F\000r\000e\000q\000u\000e\000n\000c\000y\000\040\000s\000w\000e\000e\000p\000\040\000v\000e\000r\000i\000f\000i\000c\000a\000t\000i\000o\000n}{section.8.3}% 150
\BOOKMARK [2][]{subsection.8.3.5}{\376\377\0008\000.\0003\000.\0005\000\040\000D\000y\000n\000a\000m\000i\000c\000\040\000M\000o\000d\000e\000l\000\040\000o\000f\000\040\000D\000r\000o\000g\000u\000e\000\040\000w\000i\000t\000h\000\040\000H\000D\000U\000\040\000a\000n\000d\000\040\000Q\000u\000a\000n\000t\000i\000t\000a\000t\000i\000v\000e\000\040\000A\000n\000a\000l\000y\000s\000i\000s}{section.8.3}% 151
\BOOKMARK [2][]{subsection.8.3.6}{\376\377\0008\000.\0003\000.\0006\000\040\000T\000h\000e\000\040\000E\000f\000f\000e\000c\000t\000\040\000o\000f\000\040\000H\000W\000P\000\040\000S\000u\000p\000p\000r\000e\000s\000s\000i\000o\000n\000\040\000o\000f\000\040\000T\000r\000a\000d\000i\000t\000i\000o\000n\000a\000l\000\040\000H\000D\000U\000\040\000c\000o\000n\000t\000r\000o\000l\000\040\000m\000e\000t\000h\000o\000d\000s}{section.8.3}% 152
\BOOKMARK [1][]{section.8.4}{\376\377\0008\000.\0004\000\040\000A\000n\000t\000i\000-\000H\000W\000P\000\040\000C\000o\000n\000t\000r\000o\000l\000\040\000M\000e\000t\000h\000o\000d\000\040\000f\000o\000r\000\040\000H\000D\000U}{chapter.8}% 153
\BOOKMARK [2][]{subsection.8.4.1}{\376\377\0008\000.\0004\000.\0001\000\040\000H\000W\000P\000\040\000o\000b\000s\000e\000r\000v\000a\000t\000i\000o\000n}{section.8.4}% 154
\BOOKMARK [2][]{subsection.8.4.2}{\376\377\0008\000.\0004\000.\0002\000\040\000A\000n\000t\000i\000-\000H\000W\000P\000\040\000C\000o\000n\000t\000r\000o\000l}{section.8.4}% 155
\BOOKMARK [2][]{subsection.8.4.3}{\376\377\0008\000.\0004\000.\0003\000\040\000S\000i\000m\000u\000l\000a\000t\000i\000o\000n\000\040\000V\000e\000r\000i\000f\000i\000c\000a\000t\000i\000o\000n}{section.8.4}% 156
\BOOKMARK [1][]{section.8.5}{\376\377\0008\000.\0005\000\040\000C\000h\000a\000p\000t\000e\000r\000\040\000S\000u\000m\000m\000a\000r\000y}{chapter.8}% 157
\BOOKMARK [0][]{chapter.9}{\376\377\0009\000\040\000T\000e\000r\000m\000i\000n\000a\000l\000\040\000I\000t\000e\000r\000a\000t\000i\000v\000e\000\040\000L\000e\000a\000r\000n\000i\000n\000g\000\040\000D\000o\000c\000k\000i\000n\000g\000\040\000C\000o\000n\000t\000r\000o\000l}{}% 158
\BOOKMARK [1][]{section.9.1}{\376\377\0009\000.\0001\000\040\000I\000n\000t\000r\000o\000d\000u\000c\000t\000i\000o\000n}{chapter.9}% 159
\BOOKMARK [1][]{section.9.2}{\376\377\0009\000.\0002\000\040\000P\000r\000o\000b\000l\000e\000m\000\040\000F\000o\000r\000m\000u\000l\000a\000t\000i\000o\000n}{chapter.9}% 160
\BOOKMARK [2][]{subsection.9.2.1}{\376\377\0009\000.\0002\000.\0001\000\040\000F\000r\000a\000m\000e\000s\000\040\000a\000n\000d\000\040\000N\000o\000t\000a\000t\000i\000o\000n\000s}{section.9.2}% 161
\BOOKMARK [2][]{subsection.9.2.2}{\376\377\0009\000.\0002\000.\0002\000\040\000S\000y\000s\000t\000e\000m\000\040\000O\000v\000e\000r\000v\000i\000e\000w}{section.9.2}% 162
\BOOKMARK [2][]{subsection.9.2.3}{\376\377\0009\000.\0002\000.\0003\000\040\000M\000a\000t\000h\000e\000m\000a\000t\000i\000c\000a\000l\000\040\000M\000o\000d\000e\000l}{section.9.2}% 163
\BOOKMARK [2][]{subsection.9.2.4}{\376\377\0009\000.\0002\000.\0004\000\040\000C\000o\000n\000t\000r\000o\000l\000\040\000S\000y\000s\000t\000e\000m}{section.9.2}% 164
\BOOKMARK [1][]{section.9.3}{\376\377\0009\000.\0003\000\040\000T\000I\000L\000C\000\040\000D\000e\000s\000i\000g\000n}{chapter.9}% 165
\BOOKMARK [2][]{subsection.9.3.1}{\376\377\0009\000.\0003\000.\0001\000\040\000T\000I\000L\000C\000\040\000C\000o\000n\000t\000r\000o\000l\000l\000e\000r}{section.9.3}% 166
\BOOKMARK [2][]{subsection.9.3.2}{\376\377\0009\000.\0003\000.\0002\000\040\000C\000o\000n\000v\000e\000r\000g\000e\000n\000c\000e\000\040\000A\000n\000a\000l\000y\000s\000i\000s\000\040}{section.9.3}% 167
\BOOKMARK [2][]{subsection.9.3.3}{\376\377\0009\000.\0003\000.\0003\000\040\000D\000i\000s\000c\000u\000s\000s\000i\000o\000n}{section.9.3}% 168
\BOOKMARK [1][]{section.9.4}{\376\377\0009\000.\0004\000\040\000S\000i\000m\000u\000l\000a\000t\000i\000o\000n\000\040\000a\000n\000d\000\040\000V\000e\000r\000i\000f\000i\000c\000a\000t\000i\000o\000n}{chapter.9}% 169
\BOOKMARK [2][]{subsection.9.4.1}{\376\377\0009\000.\0004\000.\0001\000\040\000S\000i\000m\000u\000l\000a\000t\000i\000o\000n\000\040\000C\000o\000n\000f\000i\000g\000u\000r\000a\000t\000i\000o\000n}{section.9.4}% 170
\BOOKMARK [2][]{subsection.9.4.2}{\376\377\0009\000.\0004\000.\0002\000\040\000T\000I\000L\000C\000\040\000S\000i\000m\000u\000l\000a\000t\000i\000o\000n\000\040\000R\000e\000s\000u\000l\000t\000s}{section.9.4}% 171
\BOOKMARK [1][]{section.9.5}{\376\377\0009\000.\0005\000\040\000C\000h\000a\000p\000t\000e\000r\000\040\000S\000u\000m\000m\000a\000r\000y}{chapter.9}% 172
\BOOKMARK [0][]{chapter.10}{\376\377\0001\0000\000\040\000I\000m\000p\000r\000o\000v\000e\000d\000\040\000T\000e\000r\000m\000i\000n\000a\000l\000\040\000I\000t\000e\000r\000a\000t\000i\000v\000e\000\040\000L\000e\000a\000r\000n\000i\000n\000g\000\040\000D\000o\000c\000k\000i\000n\000g\000\040\000C\000o\000n\000t\000r\000o\000l}{}% 173
\BOOKMARK [1][]{section.10.1}{\376\377\0001\0000\000.\0001\000\040\000I\000n\000t\000r\000o\000d\000u\000c\000t\000i\000o\000n}{chapter.10}% 174
\BOOKMARK [1][]{section.10.2}{\376\377\0001\0000\000.\0002\000\040\000M\000o\000d\000e\000l\000\040\000D\000e\000s\000c\000r\000i\000p\000t\000i\000o\000n\000\040\000a\000n\000d\000\040\000P\000r\000o\000b\000l\000e\000m\000\040\000S\000t\000a\000t\000e\000m\000e\000n\000t}{chapter.10}% 175
\BOOKMARK [2][]{subsection.10.2.1}{\376\377\0001\0000\000.\0002\000.\0001\000\040\000P\000D\000R\000\040\000s\000y\000s\000t\000e\000m\000\040\000m\000o\000d\000e\000l\000\040\000i\000n\000\040\000t\000h\000e\000\040\000d\000o\000c\000k\000i\000n\000g\000\040\000s\000t\000a\000g\000e}{section.10.2}% 176
\BOOKMARK [2][]{subsection.10.2.2}{\376\377\0001\0000\000.\0002\000.\0002\000\040\000T\000I\000L\000C\000\040\000p\000r\000o\000b\000l\000e\000m\000\040\000s\000t\000a\000t\000e\000m\000e\000n\000t}{section.10.2}% 177
\BOOKMARK [1][]{section.10.3}{\376\377\0001\0000\000.\0003\000\040\000A\000\040\000R\000e\000l\000i\000a\000b\000l\000e\000\040\000D\000o\000c\000k\000i\000n\000g\000\040\000C\000o\000n\000t\000r\000o\000l\000\040\000S\000c\000h\000e\000m\000e}{chapter.10}% 178
\BOOKMARK [1][]{section.10.4}{\376\377\0001\0000\000.\0004\000\040\000O\000f\000f\000l\000i\000n\000e\000\040\000G\000e\000n\000e\000r\000a\000t\000i\000o\000n\000\040\000o\000f\000\040\000B\000a\000s\000i\000s\000\040\000F\000u\000n\000c\000t\000i\000o\000n}{chapter.10}% 179
\BOOKMARK [1][]{section.10.5}{\376\377\0001\0000\000.\0005\000\040\000T\000I\000L\000C\000\040\000C\000o\000n\000t\000r\000o\000l\000l\000e\000r\000\040\000D\000e\000s\000i\000g\000n}{chapter.10}% 180
\BOOKMARK [1][]{section.10.6}{\376\377\0001\0000\000.\0006\000\040\000S\000i\000m\000u\000l\000a\000t\000i\000o\000n}{chapter.10}% 181
\BOOKMARK [2][]{subsection.10.6.1}{\376\377\0001\0000\000.\0006\000.\0001\000\040\000S\000i\000m\000u\000l\000a\000t\000i\000o\000n\000\040\000c\000o\000n\000f\000i\000g\000u\000r\000a\000t\000i\000o\000n}{section.10.6}% 182
\BOOKMARK [2][]{subsection.10.6.2}{\376\377\0001\0000\000.\0006\000.\0002\000\040\000B\000a\000s\000i\000c\000\040\000s\000i\000m\000u\000l\000a\000t\000i\000o\000n}{section.10.6}% 183
\BOOKMARK [2][]{subsection.10.6.3}{\376\377\0001\0000\000.\0006\000.\0003\000\040\000S\000i\000m\000u\000l\000a\000t\000i\000o\000n\000\040\000w\000i\000t\000h\000\040\000u\000n\000c\000e\000r\000t\000a\000i\000n\000t\000i\000e\000s\000\040\000a\000n\000d\000\040\000d\000i\000s\000t\000u\000r\000b\000a\000n\000c\000e\000s}{section.10.6}% 184
\BOOKMARK [2][]{subsection.10.6.4}{\376\377\0001\0000\000.\0006\000.\0004\000\040\000D\000i\000s\000c\000u\000s\000s\000i\000o\000n}{section.10.6}% 185
\BOOKMARK [1][]{section.10.7}{\376\377\0001\0000\000.\0007\000\040\000C\000h\000a\000p\000t\000e\000r\000\040\000S\000u\000m\000m\000a\000r\000y}{chapter.10}% 186
\BOOKMARK [0][]{chapter.11}{\376\377\0001\0001\000\040\000I\000m\000a\000g\000e\000-\000B\000a\000s\000e\000d\000\040\000V\000i\000s\000u\000a\000l\000\040\000S\000e\000r\000v\000o\000\040\000D\000o\000c\000k\000i\000n\000g\000\040\000C\000o\000n\000t\000r\000o\000l}{}% 187
\BOOKMARK [1][]{section.11.1}{\376\377\0001\0001\000.\0001\000\040\000I\000N\000T\000R\000O\000D\000U\000C\000T\000I\000O\000N}{chapter.11}% 188
\BOOKMARK [1][]{section.11.2}{\376\377\0001\0001\000.\0002\000\040\000S\000y\000s\000t\000e\000m\000\040\000D\000e\000s\000c\000r\000i\000p\000t\000i\000o\000n\000\040\000a\000n\000d\000\040\000P\000r\000o\000b\000l\000e\000m\000\040\000F\000o\000r\000m\000u\000l\000a\000t\000i\000o\000n}{chapter.11}% 189
\BOOKMARK [2][]{subsection.11.2.1}{\376\377\0001\0001\000.\0002\000.\0001\000\040\000P\000D\000R\000\040\000s\000y\000s\000t\000e\000m\000\040\000m\000o\000d\000e\000l\000\040\000a\000t\000\040\000t\000h\000e\000\040\000d\000o\000c\000k\000i\000n\000g\000\040\000s\000t\000a\000g\000e}{section.11.2}% 190
\BOOKMARK [2][]{subsection.11.2.2}{\376\377\0001\0001\000.\0002\000.\0002\000\040\000C\000a\000m\000e\000r\000a\000\040\000P\000i\000n\000h\000o\000l\000e\000\040\000M\000o\000d\000e\000l}{section.11.2}% 191
\BOOKMARK [2][]{subsection.11.2.3}{\376\377\0001\0001\000.\0002\000.\0003\000\040\000P\000r\000o\000b\000l\000e\000m\000\040\000F\000o\000r\000m\000u\000l\000a\000t\000i\000o\000n}{section.11.2}% 192
\BOOKMARK [1][]{section.11.3}{\376\377\0001\0001\000.\0003\000\040\000I\000B\000V\000S\000\040\000c\000o\000n\000t\000r\000o\000l\000l\000e\000r\000\040\000d\000e\000s\000i\000g\000n}{chapter.11}% 193
\BOOKMARK [2][]{subsection.11.3.1}{\376\377\0001\0001\000.\0003\000.\0001\000\040\000O\000u\000t\000e\000r\000-\000l\000o\000o\000p\000\040\000v\000i\000s\000u\000a\000l\000\040\000s\000e\000r\000v\000o\000\040\000m\000o\000d\000e\000l\000\040\000b\000a\000s\000e\000d\000\040\000o\000n\000\040\000t\000h\000e\000\040\000J\000a\000c\000o\000b\000i\000a\000n\000\040\000m\000a\000t\000r\000i\000x}{section.11.3}% 194
\BOOKMARK [2][]{subsection.11.3.2}{\376\377\0001\0001\000.\0003\000.\0002\000\040\000I\000n\000n\000e\000r\000-\000l\000o\000o\000p\000\040\000d\000y\000n\000a\000m\000i\000c\000\040\000m\000o\000d\000e\000l}{section.11.3}% 195
\BOOKMARK [2][]{subsection.11.3.3}{\376\377\0001\0001\000.\0003\000.\0003\000\040\000V\000i\000s\000u\000a\000l\000\040\000s\000e\000r\000v\000o\000\040\000c\000o\000n\000t\000r\000o\000l\000l\000e\000r\000\040\000d\000e\000s\000i\000g\000n}{section.11.3}% 196
\BOOKMARK [1][]{section.11.4}{\376\377\0001\0001\000.\0004\000\040\000S\000i\000m\000u\000l\000a\000t\000i\000o\000n\000\040\000a\000n\000d\000\040\000V\000e\000r\000i\000f\000i\000c\000a\000t\000i\000o\000n}{chapter.11}% 197
\BOOKMARK [2][]{subsection.11.4.1}{\376\377\0001\0001\000.\0004\000.\0001\000\040\000S\000i\000m\000u\000l\000a\000t\000i\000o\000n\000\040\000e\000n\000v\000i\000r\000o\000n\000m\000e\000n\000t}{section.11.4}% 198
\BOOKMARK [2][]{subsection.11.4.2}{\376\377\0001\0001\000.\0004\000.\0002\000\040\000S\000i\000m\000u\000l\000a\000t\000i\000o\000n\000\040\000r\000e\000s\000u\000l\000t\000s}{section.11.4}% 199
\BOOKMARK [1][]{section.11.5}{\376\377\0001\0001\000.\0005\000\040\000C\000h\000a\000p\000t\000e\000r\000\040\000S\000u\000m\000m\000a\000r\000y}{chapter.11}% 200
\BOOKMARK [0][]{chapter.12}{\376\377\0001\0002\000\040\000R\000e\000a\000c\000h\000a\000b\000i\000l\000i\000t\000y\000\040\000A\000n\000a\000l\000y\000s\000i\000s\000\040\000o\000n\000\040\000O\000p\000t\000i\000m\000a\000l\000\040\000T\000r\000i\000m\000\040\000S\000t\000a\000t\000e\000\040\000f\000o\000r\000\040\000A\000e\000r\000i\000a\000l\000\040\000D\000o\000c\000k\000i\000n\000g}{}% 201
\BOOKMARK [1][]{section.12.1}{\376\377\0001\0002\000.\0001\000\040\000I\000n\000t\000r\000o\000d\000u\000c\000t\000i\000o\000n}{chapter.12}% 202
\BOOKMARK [1][]{section.12.2}{\376\377\0001\0002\000.\0002\000\040\000P\000r\000o\000b\000l\000e\000m\000\040\000F\000o\000r\000m\000u\000l\000a\000t\000i\000o\000n}{chapter.12}% 203
\BOOKMARK [2][]{subsection.12.2.1}{\376\377\0001\0002\000.\0002\000.\0001\000\040\000R\000e\000l\000a\000t\000i\000v\000e\000\040\000M\000o\000t\000i\000o\000n\000\040\000M\000o\000d\000e\000l}{section.12.2}% 204
\BOOKMARK [2][]{subsection.12.2.2}{\376\377\0001\0002\000.\0002\000.\0002\000\040\000A\000s\000s\000u\000m\000p\000t\000i\000o\000n\000s\000\040\000a\000n\000d\000\040\000O\000b\000j\000e\000c\000t\000i\000v\000e}{section.12.2}% 205
\BOOKMARK [1][]{section.12.3}{\376\377\0001\0002\000.\0003\000\040\000C\000o\000m\000p\000u\000t\000i\000n\000g\000\040\000P\000r\000o\000c\000e\000d\000u\000r\000e\000\040\000o\000f\000\040\000t\000h\000e\000\040\000O\000p\000t\000i\000m\000a\000l\000\040\000T\000r\000i\000m\000\040\000S\000t\000a\000t\000e}{chapter.12}% 206
\BOOKMARK [1][]{section.12.4}{\376\377\0001\0002\000.\0004\000\040\000S\000i\000m\000u\000l\000a\000t\000i\000o\000n\000\040\000a\000n\000a\000l\000y\000s\000i\000s\000\040\000o\000n\000\040\000t\000h\000e\000\040\000O\000p\000t\000i\000m\000a\000l\000\040\000D\000o\000c\000k\000i\000n\000g\000\040\000A\000l\000t\000i\000t\000u\000d\000e\000\040\000a\000n\000d\000\040\000S\000p\000e\000e\000d\000\040\000o\000f\000\040\000F\000-\0001\0006\000\040\000a\000i\000r\000c\000r\000a\000f\000t}{chapter.12}% 207
\BOOKMARK [2][]{subsection.12.4.1}{\376\377\0001\0002\000.\0004\000.\0001\000\040\000S\000i\000m\000u\000l\000a\000t\000i\000o\000n\000\040\000D\000e\000s\000c\000r\000i\000p\000t\000i\000o\000n}{section.12.4}% 208
\BOOKMARK [2][]{subsection.12.4.2}{\376\377\0001\0002\000.\0004\000.\0002\000\040\000O\000p\000t\000i\000m\000a\000l\000\040\000d\000o\000c\000k\000i\000n\000g\000\040\000s\000p\000e\000e\000d\000\040\000a\000n\000d\000\040\000d\000o\000c\000k\000i\000n\000g\000\040\000a\000l\000t\000i\000t\000u\000d\000e}{section.12.4}% 209
\BOOKMARK [2][]{subsection.12.4.3}{\376\377\0001\0002\000.\0004\000.\0003\000\040\000V\000e\000r\000i\000f\000i\000c\000a\000t\000i\000o\000n}{section.12.4}% 210
\BOOKMARK [1][]{section.12.5}{\376\377\0001\0002\000.\0005\000\040\000C\000h\000a\000p\000t\000e\000r\000\040\000S\000u\000m\000m\000a\000r\000y}{chapter.12}% 211
\BOOKMARK [0][]{chapter.13}{\376\377\0001\0003\000\040\000D\000o\000c\000k\000i\000n\000g\000\040\000S\000u\000c\000c\000e\000s\000s\000\040\000P\000r\000o\000b\000a\000b\000i\000l\000i\000t\000y\000\040\000P\000r\000e\000d\000i\000c\000t\000i\000o\000n\000\040\000b\000a\000s\000e\000d\000\040\000o\000n\000\040\000S\000t\000o\000c\000h\000a\000s\000t\000i\000c\000\040\000A\000p\000p\000r\000o\000x\000i\000m\000a\000t\000i\000o\000n}{}% 212
\BOOKMARK [1][]{section.13.1}{\376\377\0001\0003\000.\0001\000\040\000I\000n\000t\000r\000o\000d\000u\000c\000t\000i\000o\000n}{chapter.13}% 213
\BOOKMARK [1][]{section.13.2}{\376\377\0001\0003\000.\0002\000\040\000M\000o\000d\000e\000l\000i\000n\000g\000\040\000a\000n\000d\000\040\000P\000r\000o\000b\000l\000e\000m\000\040\000F\000o\000r\000m\000u\000l\000a\000t\000i\000o\000n}{chapter.13}% 214
\BOOKMARK [1][]{section.13.3}{\376\377\0001\0003\000.\0003\000\040\000D\000o\000c\000k\000i\000n\000g\000\040\000S\000u\000c\000c\000e\000s\000s\000\040\000P\000r\000o\000b\000a\000b\000i\000l\000i\000t\000y\000\040\000E\000v\000a\000l\000u\000a\000t\000i\000o\000n}{chapter.13}% 215
\BOOKMARK [2][]{subsection.13.3.1}{\376\377\0001\0003\000.\0003\000.\0001\000\040\000G\000e\000n\000e\000r\000a\000l\000\040\000i\000d\000e\000a\000s}{section.13.3}% 216
\BOOKMARK [2][]{subsection.13.3.2}{\376\377\0001\0003\000.\0003\000.\0002\000\040\000T\000h\000e\000\040\000t\000r\000a\000n\000s\000i\000t\000i\000o\000n\000\040\000p\000r\000o\000b\000a\000b\000i\000l\000i\000t\000y\000\040\000o\000f\000\040\000M\000a\000r\000k\000o\000v\000\040\000c\000h\000a\000i\000n}{section.13.3}% 217
\BOOKMARK [2][]{subsection.13.3.3}{\376\377\0001\0003\000.\0003\000.\0003\000\040\000C\000o\000m\000p\000u\000t\000i\000n\000g\000\040\000p\000r\000o\000c\000e\000d\000u\000r\000e\000\040\000o\000f\000\040\000t\000h\000e\000\040\000p\000r\000o\000b\000a\000b\000i\000l\000i\000t\000y\000\040\000o\000f\000\040\000d\000o\000c\000k\000i\000n\000g\000\040\000s\000u\000c\000c\000e\000s\000s}{section.13.3}% 218
\BOOKMARK [1][]{section.13.4}{\376\377\0001\0003\000.\0004\000\040\000S\000i\000m\000u\000l\000a\000t\000i\000o\000n\000\040\000a\000n\000a\000l\000y\000s\000i\000s\000\040\000o\000n\000\040\000p\000r\000o\000b\000a\000b\000i\000l\000i\000t\000y\000\040\000o\000f\000\040\000d\000o\000c\000k\000i\000n\000g\000\040\000s\000u\000c\000c\000e\000s\000s}{chapter.13}% 219
\BOOKMARK [2][]{subsection.13.4.1}{\376\377\0001\0003\000.\0004\000.\0001\000\040\000D\000e\000s\000c\000r\000i\000p\000t\000i\000o\000n\000\040\000o\000f\000\040\000t\000h\000e\000\040\000s\000i\000m\000u\000l\000a\000t\000i\000o\000n\000\040\000p\000a\000r\000a\000m\000e\000t\000e\000r\000s}{section.13.4}% 220
\BOOKMARK [2][]{subsection.13.4.2}{\376\377\0001\0003\000.\0004\000.\0002\000\040\000T\000h\000e\000\040\000p\000r\000o\000b\000a\000b\000i\000l\000i\000t\000y\000\040\000o\000f\000\040\000d\000o\000c\000k\000i\000n\000g\000\040\000s\000u\000c\000c\000e\000s\000s}{section.13.4}% 221
\BOOKMARK [2][]{subsection.13.4.3}{\376\377\0001\0003\000.\0004\000.\0003\000\040\000V\000e\000r\000i\000f\000i\000c\000a\000t\000i\000o\000n\000\040\000o\000f\000\040\000t\000h\000e\000\040\000r\000e\000s\000u\000l\000t\000s}{section.13.4}% 222
\BOOKMARK [1][]{section.13.5}{\376\377\0001\0003\000.\0005\000\040\000C\000h\000a\000p\000t\000e\000r\000\040\000S\000u\000m\000m\000a\000r\000y}{chapter.13}% 223
\BOOKMARK [0][]{chapter.14}{\376\377\0001\0004\000\040\000F\000a\000i\000l\000s\000a\000f\000e\000\040\000M\000e\000c\000h\000a\000n\000i\000s\000m\000\040\000D\000e\000s\000i\000g\000n\000\040\000u\000s\000i\000n\000g\000\040\000S\000t\000a\000t\000e\000\040\000T\000r\000e\000e\000\040\000S\000t\000r\000u\000c\000t\000u\000r\000e\000s}{}% 224
\BOOKMARK [1][]{section.14.1}{\376\377\0001\0004\000.\0001\000\040\000I\000n\000t\000r\000o\000d\000u\000c\000t\000i\000o\000n}{chapter.14}% 225
\BOOKMARK [1][]{section.14.2}{\376\377\0001\0004\000.\0002\000\040\000P\000r\000e\000l\000i\000m\000i\000n\000a\000r\000i\000e\000s\000\040\000o\000f\000\040\000S\000T\000S}{chapter.14}% 226
\BOOKMARK [2][]{subsection.14.2.1}{\376\377\0001\0004\000.\0002\000.\0001\000\040\000S\000t\000a\000t\000e\000\040\000T\000r\000e\000e\000\040\000S\000t\000r\000u\000c\000t\000u\000r\000e}{section.14.2}% 227
\BOOKMARK [2][]{subsection.14.2.2}{\376\377\0001\0004\000.\0002\000.\0002\000\040\000P\000l\000a\000n\000t\000,\000\040\000S\000p\000e\000c\000i\000f\000i\000c\000a\000t\000i\000o\000n\000\040\000a\000n\000d\000\040\000S\000u\000p\000e\000r\000v\000i\000s\000o\000r}{section.14.2}% 228
\BOOKMARK [1][]{section.14.3}{\376\377\0001\0004\000.\0003\000\040\000M\000o\000d\000e\000\040\000D\000i\000s\000c\000r\000e\000t\000i\000z\000a\000t\000i\000o\000n\000\040\000a\000n\000d\000\040\000S\000a\000f\000e\000t\000y\000\040\000I\000s\000s\000u\000e\000s}{chapter.14}% 229
\BOOKMARK [2][]{subsection.14.3.1}{\376\377\0001\0004\000.\0003\000.\0001\000\040\000A\000r\000e\000a\000\040\000D\000e\000f\000i\000n\000i\000t\000i\000o\000n}{section.14.3}% 230
\BOOKMARK [2][]{subsection.14.3.2}{\376\377\0001\0004\000.\0003\000.\0002\000\040\000M\000o\000d\000e\000\040\000D\000e\000c\000o\000m\000p\000o\000s\000i\000t\000i\000o\000n}{section.14.3}% 231
\BOOKMARK [2][]{subsection.14.3.3}{\376\377\0001\0004\000.\0003\000.\0003\000\040\000S\000a\000f\000e\000t\000y\000\040\000I\000s\000s\000u\000e\000s}{section.14.3}% 232
\BOOKMARK [1][]{section.14.4}{\376\377\0001\0004\000.\0004\000\040\000U\000s\000e\000r\000\040\000R\000e\000q\000u\000i\000r\000e\000m\000e\000n\000t\000s\000\040\000a\000n\000d\000\040\000E\000v\000e\000n\000t\000\040\000D\000e\000f\000i\000n\000i\000t\000i\000o\000n\000s}{chapter.14}% 233
\BOOKMARK [2][]{subsection.14.4.1}{\376\377\0001\0004\000.\0004\000.\0001\000\040\000U\000s\000e\000r\000\040\000R\000e\000q\000u\000i\000r\000e\000m\000e\000n\000t\000s}{section.14.4}% 234
\BOOKMARK [2][]{subsection.14.4.2}{\376\377\0001\0004\000.\0004\000.\0002\000\040\000E\000v\000e\000n\000t\000\040\000D\000e\000f\000i\000n\000i\000t\000i\000o\000n\000s}{section.14.4}% 235
\BOOKMARK [1][]{section.14.5}{\376\377\0001\0004\000.\0005\000\040\000S\000t\000a\000t\000e\000\040\000T\000r\000e\000e\000\040\000S\000t\000r\000u\000c\000t\000u\000r\000e\000\040\000D\000e\000s\000i\000g\000n}{chapter.14}% 236
\BOOKMARK [2][]{subsection.14.5.1}{\376\377\0001\0004\000.\0005\000.\0001\000\040\000P\000l\000a\000n\000t\000\040\000d\000e\000s\000i\000g\000n}{section.14.5}% 237
\BOOKMARK [2][]{subsection.14.5.2}{\376\377\0001\0004\000.\0005\000.\0002\000\040\000S\000p\000e\000c\000i\000f\000i\000c\000a\000t\000i\000o\000n\000\040\000d\000e\000s\000i\000g\000n}{section.14.5}% 238
\BOOKMARK [2][]{subsection.14.5.3}{\376\377\0001\0004\000.\0005\000.\0003\000\040\000S\000u\000p\000e\000r\000v\000i\000s\000o\000r}{section.14.5}% 239
\BOOKMARK [1][]{section.14.6}{\376\377\0001\0004\000.\0006\000\040\000I\000m\000p\000l\000e\000m\000e\000n\000t\000a\000t\000i\000o\000n\000\040\000a\000n\000d\000\040\000S\000i\000m\000u\000l\000a\000t\000i\000o\000n}{chapter.14}% 240
\BOOKMARK [2][]{subsection.14.6.1}{\376\377\0001\0004\000.\0006\000.\0001\000\040\000I\000m\000p\000l\000e\000m\000e\000n\000t\000a\000t\000i\000o\000n\000\040\000a\000r\000c\000h\000i\000t\000e\000c\000t\000u\000r\000e}{section.14.6}% 241
\BOOKMARK [2][]{subsection.14.6.2}{\376\377\0001\0004\000.\0006\000.\0002\000\040\000M\000C\000E\000\040\000P\000r\000i\000o\000r\000i\000t\000y}{section.14.6}% 242
\BOOKMARK [2][]{subsection.14.6.3}{\376\377\0001\0004\000.\0006\000.\0003\000\040\000S\000i\000m\000u\000l\000a\000t\000i\000o\000n}{section.14.6}% 243
\BOOKMARK [1][]{section.14.7}{\376\377\0001\0004\000.\0007\000\040\000C\000h\000a\000p\000t\000e\000r\000\040\000S\000u\000m\000m\000a\000r\000y}{chapter.14}% 244
\BOOKMARK [0][]{chapter.15}{\376\377\0001\0005\000\040\000A\000u\000t\000o\000n\000o\000m\000o\000u\000s\000\040\000A\000e\000r\000i\000a\000l\000\040\000R\000e\000f\000u\000e\000l\000i\000n\000g\000\040\000o\000f\000\040\000M\000u\000l\000t\000i\000p\000l\000e\000\040\000R\000e\000c\000e\000i\000v\000e\000r\000s\000:\000\040\000A\000n\000\040\000E\000f\000f\000i\000c\000i\000e\000n\000t\000\040\000R\000e\000n\000d\000e\000z\000v\000o\000u\000s\000\040\000S\000c\000h\000e\000d\000u\000l\000i\000n\000g\000\040\000A\000p\000p\000r\000o\000a\000c\000h}{}% 245
\BOOKMARK [1][]{section.15.1}{\376\377\0001\0005\000.\0001\000\040\000I\000n\000t\000r\000o\000d\000u\000c\000t\000i\000o\000n}{chapter.15}% 246
\BOOKMARK [1][]{section.15.2}{\376\377\0001\0005\000.\0002\000\040\000R\000e\000f\000u\000e\000l\000i\000n\000g\000\040\000T\000a\000s\000k\000\040\000S\000t\000r\000a\000t\000e\000g\000y\000\040\000a\000n\000d\000\040\000P\000r\000o\000b\000l\000e\000m\000\040\000F\000o\000r\000m\000u\000l\000a\000t\000i\000o\000n}{chapter.15}% 247
\BOOKMARK [2][]{subsection.15.2.1}{\376\377\0001\0005\000.\0002\000.\0001\000\040\000T\000a\000n\000k\000e\000r\000'\000s\000\040\000P\000a\000t\000h\000\040\000a\000n\000d\000\040\000V\000i\000r\000t\000u\000a\000l\000\040\000Q\000u\000e\000u\000e\000\040\000S\000e\000q\000u\000e\000n\000c\000e\000\040\000P\000o\000i\000n\000t\000s\000\040\000D\000e\000s\000i\000g\000n}{section.15.2}% 248
\BOOKMARK [2][]{subsection.15.2.2}{\376\377\0001\0005\000.\0002\000.\0002\000\040\000R\000e\000f\000u\000e\000l\000i\000n\000g\000\040\000T\000a\000s\000k\000\040\000P\000r\000o\000c\000e\000d\000u\000r\000e\000s}{section.15.2}% 249
\BOOKMARK [1][]{section.15.3}{\376\377\0001\0005\000.\0003\000\040\000P\000r\000o\000b\000l\000e\000m\000\040\000A\000n\000a\000l\000y\000s\000i\000s}{chapter.15}% 250
\BOOKMARK [1][]{section.15.4}{\376\377\0001\0005\000.\0004\000\040\000V\000i\000r\000t\000u\000a\000l\000\040\000t\000a\000r\000g\000e\000t\000\040\000p\000o\000i\000n\000t\000s\000\040\000a\000s\000s\000i\000g\000n\000m\000e\000n\000t\000\040\000a\000n\000d\000\040\000Q\000u\000e\000u\000e\000\040\000W\000a\000i\000t\000i\000n\000g\000\040\000S\000t\000r\000a\000t\000e\000g\000y\000\040\000D\000e\000s\000i\000g\000n}{chapter.15}% 251
\BOOKMARK [2][]{subsection.15.4.1}{\376\377\0001\0005\000.\0004\000.\0001\000\040\000P\000r\000i\000o\000r\000i\000t\000y\000\040\000i\000n\000i\000t\000i\000a\000l\000i\000z\000a\000t\000i\000o\000n}{section.15.4}% 252
\BOOKMARK [2][]{subsection.15.4.2}{\376\377\0001\0005\000.\0004\000.\0002\000\040\000V\000i\000r\000t\000u\000a\000l\000\040\000T\000a\000r\000g\000e\000t\000\040\000P\000o\000i\000n\000t\000\040\000A\000s\000s\000i\000g\000n\000m\000e\000n\000t}{section.15.4}% 253
\BOOKMARK [2][]{subsection.15.4.3}{\376\377\0001\0005\000.\0004\000.\0003\000\040\000D\000e\000s\000i\000g\000n\000\040\000o\000f\000\040\000t\000h\000e\000\040\000V\000e\000l\000o\000c\000i\000t\000y\000\040\000C\000o\000n\000t\000r\000o\000l\000l\000e\000r}{section.15.4}% 254
\BOOKMARK [1][]{section.15.5}{\376\377\0001\0005\000.\0005\000\040\000S\000i\000m\000u\000l\000a\000t\000i\000o\000n\000\040\000a\000n\000d\000\040\000R\000e\000s\000u\000l\000t\000s}{chapter.15}% 255
\BOOKMARK [1][]{section.15.6}{\376\377\0001\0005\000.\0006\000\040\000C\000h\000a\000p\000t\000e\000r\000\040\000S\000u\000m\000m\000a\000r\000y}{chapter.15}% 256
\BOOKMARK [0][]{chapter.16}{\376\377\0001\0006\000\040\000A\000e\000r\000i\000a\000l\000\040\000R\000e\000f\000u\000e\000l\000i\000n\000g\000\040\000S\000c\000h\000e\000d\000u\000l\000i\000n\000g\000\040\000o\000f\000\040\000M\000u\000l\000t\000i\000-\000R\000e\000c\000e\000i\000v\000e\000r\000\040\000a\000n\000d\000\040\000M\000u\000l\000t\000i\000-\000T\000a\000n\000k\000e\000r\000\040\000u\000n\000d\000e\000r\000\040\000S\000p\000a\000t\000i\000a\000l\000-\000T\000e\000m\000p\000o\000r\000a\000l\000\040\000C\000o\000n\000s\000t\000r\000a\000i\000n\000t\000s}{}% 257
\BOOKMARK [1][]{section.16.1}{\376\377\0001\0006\000.\0001\000\040\000I\000n\000t\000r\000o\000d\000u\000c\000t\000i\000o\000n}{chapter.16}% 258
\BOOKMARK [1][]{section.16.2}{\376\377\0001\0006\000.\0002\000\040\000P\000r\000o\000b\000l\000e\000m\000\040\000f\000o\000r\000m\000u\000l\000a\000t\000i\000o\000n}{chapter.16}% 259
\BOOKMARK [2][]{subsection.16.2.1}{\376\377\0001\0006\000.\0002\000.\0001\000\040\000A\000e\000r\000i\000a\000l\000\040\000r\000e\000f\000u\000e\000l\000i\000n\000g\000\040\000m\000i\000s\000s\000i\000o\000n}{section.16.2}% 260
\BOOKMARK [2][]{subsection.16.2.2}{\376\377\0001\0006\000.\0002\000.\0002\000\040\000B\000a\000s\000i\000c\000\040\000a\000s\000s\000u\000m\000p\000t\000i\000o\000n\000s}{section.16.2}% 261
\BOOKMARK [2][]{subsection.16.2.3}{\376\377\0001\0006\000.\0002\000.\0003\000\040\000S\000c\000h\000e\000d\000u\000l\000i\000n\000g\000\040\000m\000o\000d\000e\000l\000s}{section.16.2}% 262
\BOOKMARK [2][]{subsection.16.2.4}{\376\377\0001\0006\000.\0002\000.\0004\000\040\000F\000u\000e\000l\000\040\000c\000o\000n\000s\000u\000m\000p\000t\000i\000o\000n\000\040\000c\000a\000l\000c\000u\000l\000a\000t\000i\000o\000n}{section.16.2}% 263
\BOOKMARK [1][]{section.16.3}{\376\377\0001\0006\000.\0003\000\040\000P\000a\000t\000h\000\040\000p\000l\000a\000n\000n\000i\000n\000g}{chapter.16}% 264
\BOOKMARK [2][]{subsection.16.3.1}{\376\377\0001\0006\000.\0003\000.\0001\000\040\000S\000c\000h\000e\000d\000u\000l\000i\000n\000g\000\040\000f\000l\000o\000w}{section.16.3}% 265
\BOOKMARK [2][]{subsection.16.3.2}{\376\377\0001\0006\000.\0003\000.\0002\000\040\000A\000*\000\040\000a\000l\000g\000o\000r\000i\000t\000h\000m}{section.16.3}% 266
\BOOKMARK [1][]{section.16.4}{\376\377\0001\0006\000.\0004\000\040\000S\000c\000h\000e\000d\000u\000l\000i\000n\000g\000\040\000m\000e\000t\000h\000o\000d\000s}{chapter.16}% 267
\BOOKMARK [2][]{subsection.16.4.1}{\376\377\0001\0006\000.\0004\000.\0001\000\040\000\040\000I\000n\000t\000e\000g\000r\000a\000t\000e\000d\000\040\000m\000e\000t\000h\000o\000d}{section.16.4}% 268
\BOOKMARK [2][]{subsection.16.4.2}{\376\377\0001\0006\000.\0004\000.\0002\000\040\000D\000e\000c\000o\000m\000p\000o\000s\000e\000d\000\040\000m\000e\000t\000h\000o\000d}{section.16.4}% 269
\BOOKMARK [1][]{section.16.5}{\376\377\0001\0006\000.\0005\000\040\000S\000i\000m\000u\000l\000a\000t\000i\000o\000n\000\040\000r\000e\000s\000u\000l\000t\000s}{chapter.16}% 270
\BOOKMARK [2][]{subsection.16.5.1}{\376\377\0001\0006\000.\0005\000.\0001\000\040\000S\000i\000m\000u\000l\000a\000t\000i\000o\000n\000\040\000s\000e\000t\000t\000i\000n\000g}{section.16.5}% 271
\BOOKMARK [2][]{subsection.16.5.2}{\376\377\0001\0006\000.\0005\000.\0002\000\040\000C\000o\000m\000p\000a\000r\000a\000t\000i\000v\000e\000\040\000m\000e\000t\000h\000o\000d}{section.16.5}% 272
\BOOKMARK [2][]{subsection.16.5.3}{\376\377\0001\0006\000.\0005\000.\0003\000\040\000R\000e\000s\000u\000l\000t\000s\000\040\000a\000n\000a\000l\000y\000s\000i\000s}{section.16.5}% 273
\BOOKMARK [1][]{section.16.6}{\376\377\0001\0006\000.\0006\000\040\000C\000h\000a\000p\000t\000e\000r\000\040\000S\000u\000m\000m\000a\000r\000y}{chapter.16}% 274
\BOOKMARK [0][]{section*.253}{\376\377\000R\000e\000f\000e\000r\000e\000n\000c\000e\000s}{}% 275
\BOOKMARK [0][]{appendix.A}{\376\377\000A\000\040\000P\000r\000o\000o\000f\000s\000,\000\040\000E\000x\000a\000m\000p\000l\000e\000s\000\040\000a\000n\000d\000\040\000D\000e\000s\000i\000g\000n}{}% 276
\BOOKMARK [1][]{section.A.1}{\376\377\000A\000.\0001\000\040\000S\000y\000s\000t\000e\000m\000\040\000I\000n\000f\000o\000r\000m\000a\000t\000i\000o\000n\000\040\000a\000b\000o\000u\000t\000\040\000t\000h\000e\000\040\000R\000e\000c\000e\000i\000v\000e\000r\000\040\000M\000o\000d\000e\000l}{appendix.A}% 277
\BOOKMARK [1][]{section.A.2}{\376\377\000A\000.\0002\000\040\000P\000r\000o\000o\000f\000\040\000o\000f\000\040\000T\000h\000e\000o\000r\000e\000m\000\040\0009\000.\0001}{appendix.A}% 278
\BOOKMARK [2][]{subsection.A.2.1}{\376\377\000A\000.\0002\000.\0001\000\040\000P\000r\000o\000o\000f\000\040\000o\000f\000\040\000T\000h\000e\000o\000r\000e\000m\000\040\0001\0000\000.\0001}{section.A.2}% 279
\BOOKMARK [1][]{section.A.3}{\376\377\000A\000.\0003\000\040\000L\000Q\000R\000\040\000c\000o\000n\000t\000r\000o\000l\000l\000e\000r\000\040\000d\000e\000s\000i\000g\000n}{appendix.A}% 280
\BOOKMARK [1][]{section.A.4}{\376\377\000A\000.\0004\000\040\000P\000r\000o\000o\000f\000\040\000o\000f\000\040\000*\000*\000*\000*\000\040}{appendix.A}% 281
\BOOKMARK [1][]{section.A.5}{\376\377\000A\000.\0005\000\040\000E\000v\000e\000n\000t\000\040\000D\000e\000f\000i\000n\000i\000t\000i\000o\000n\000s}{appendix.A}% 282
\BOOKMARK [1][]{section.A.6}{\376\377\000A\000.\0006\000\040\000T\000e\000s\000t\000i\000n\000g\000\040\000C\000a\000s\000e\000s\000\040\000f\000o\000r\000\040\000t\000h\000e\000\040\000S\000i\000m\000u\000l\000a\000t\000i\000o\000n\000\040\000P\000l\000a\000t\000f\000o\000r\000m}{appendix.A}% 283
